<?xml version="1.0" encoding="UTF-8" standalone="yes" ?>
<test-results name="C:\Dev\Delphi\testDuinix\Win32\Debug\Project30.exe" total="3" errors="0" failures="2" ignored="0" inconclusive="0" not-run="0" skipped="0" invalid="0" date="2017-02-02" time="0.009">
  <culture-info current-culture="en" current-uiculture="en" />
  <test-suite type="Assembly" name="Project30.exe" executed="true" result="Failure" success="False" time="0.009" asserts="0">
    <results>
        <test-suite type="Namespace" name="uMain" executed="true" result="Failure" success="False" time="0.009" asserts="0" >
          <results>
              <test-suite type="Fixture" name="TMyTestObject" executed="True" result="Failure" success="False" time="0.009" >
                <results>
                  <test-case name="Test1" executed="True" result="Success" success="True" time="0.000" asserts="0" />
                  <test-case name="Test2.TestA" executed="True" result="Failure" success="False" time="0.003" asserts="0" >
                    <failure>
                      <message>
                        <![CDATA[ Expected 1 but got 2  ]]>
                      </message>
                      <stack-trace>
                        <![CDATA[  ]]>
                      </stack-trace>
                    </failure>
                  </test-case>
                  <test-case name="Test2.TestB" executed="True" result="Failure" success="False" time="0.003" asserts="0" >
                    <failure>
                      <message>
                        <![CDATA[ Expected 3 but got 4  ]]>
                      </message>
                      <stack-trace>
                        <![CDATA[  ]]>
                      </stack-trace>
                    </failure>
                  </test-case>
                </results>
              </test-suite>
          </results>
        </test-suite>
    </results>
  </test-suite>
</test-results>
